mode: count
github.com/rimaulana/nqueens/main.go:19.13,22.2 2 1
github.com/rimaulana/nqueens/main.go:25.13,40.17 7 2
github.com/rimaulana/nqueens/main.go:55.2,55.125 1 2
github.com/rimaulana/nqueens/main.go:40.17,44.24 4 2
github.com/rimaulana/nqueens/main.go:49.3,52.46 4 2
github.com/rimaulana/nqueens/main.go:44.24,46.4 1 1
github.com/rimaulana/nqueens/main.go:46.9,48.4 1 1
github.com/rimaulana/nqueens/board/board.go:21.50,23.25 2 3
github.com/rimaulana/nqueens/board/board.go:26.2,31.3 1 3
github.com/rimaulana/nqueens/board/board.go:23.25,25.3 1 1
github.com/rimaulana/nqueens/board/board.go:34.50,36.2 1 3
github.com/rimaulana/nqueens/board/board.go:41.26,43.25 2 18
github.com/rimaulana/nqueens/board/board.go:46.2,46.15 1 18
github.com/rimaulana/nqueens/board/board.go:43.25,45.3 1 24
github.com/rimaulana/nqueens/board/board.go:50.30,52.28 2 3
github.com/rimaulana/nqueens/board/board.go:58.2,59.15 2 3
github.com/rimaulana/nqueens/board/board.go:52.28,54.18 2 6
github.com/rimaulana/nqueens/board/board.go:54.18,56.4 1 3
github.com/rimaulana/nqueens/board/board.go:63.30,65.28 2 3
github.com/rimaulana/nqueens/board/board.go:71.2,72.15 2 3
github.com/rimaulana/nqueens/board/board.go:65.28,67.18 2 6
github.com/rimaulana/nqueens/board/board.go:67.18,69.4 1 3
github.com/rimaulana/nqueens/board/board.go:77.33,79.28 2 3
github.com/rimaulana/nqueens/board/board.go:85.2,86.15 2 3
github.com/rimaulana/nqueens/board/board.go:79.28,81.18 2 12
github.com/rimaulana/nqueens/board/board.go:81.18,83.4 1 9
github.com/rimaulana/nqueens/board/board.go:90.37,92.28 2 6
github.com/rimaulana/nqueens/board/board.go:100.2,100.22 1 6
github.com/rimaulana/nqueens/board/board.go:92.28,93.30 1 18
github.com/rimaulana/nqueens/board/board.go:98.3,98.18 1 18
github.com/rimaulana/nqueens/board/board.go:93.30,95.4 1 6
github.com/rimaulana/nqueens/board/board.go:95.9,97.4 1 12
github.com/rimaulana/nqueens/board/board.go:104.33,107.22 3 3
github.com/rimaulana/nqueens/board/board.go:111.2,111.26 1 3
github.com/rimaulana/nqueens/board/board.go:121.2,121.15 1 3
github.com/rimaulana/nqueens/board/board.go:107.22,110.3 2 3
github.com/rimaulana/nqueens/board/board.go:111.26,113.46 2 3
github.com/rimaulana/nqueens/board/board.go:119.3,119.29 1 3
github.com/rimaulana/nqueens/board/board.go:113.46,115.23 2 6
github.com/rimaulana/nqueens/board/board.go:115.23,117.5 1 3
github.com/rimaulana/nqueens/solver/bitwise.go:11.29,13.2 1 4
github.com/rimaulana/nqueens/solver/bitwise.go:18.26,20.25 2 17
github.com/rimaulana/nqueens/solver/bitwise.go:23.2,23.15 1 17
github.com/rimaulana/nqueens/solver/bitwise.go:20.25,22.3 1 71
github.com/rimaulana/nqueens/solver/bitwise.go:30.42,33.33 3 13
github.com/rimaulana/nqueens/solver/bitwise.go:37.2,37.15 1 13
github.com/rimaulana/nqueens/solver/bitwise.go:33.33,36.3 2 59
github.com/rimaulana/nqueens/solver/bitwise.go:43.37,55.68 4 4
github.com/rimaulana/nqueens/solver/bitwise.go:76.2,77.15 2 4
github.com/rimaulana/nqueens/solver/bitwise.go:55.68,58.25 1 76
github.com/rimaulana/nqueens/solver/bitwise.go:65.3,65.18 1 63
github.com/rimaulana/nqueens/solver/bitwise.go:68.3,69.34 2 63
github.com/rimaulana/nqueens/solver/bitwise.go:58.25,62.4 2 13
github.com/rimaulana/nqueens/solver/bitwise.go:65.18,67.4 1 59
github.com/rimaulana/nqueens/solver/bitwise.go:69.34,73.4 3 72
